[2026-03-20 15:28:39,829][anemoi.training.schemas.base_schema][INFO] - adjusting save_dir path to match output mlflow logs
[2026-03-20 15:28:39,837][anemoi.training.train.train][INFO] - Config validated.
[2026-03-20 15:28:39,837][anemoi.training.train.train][INFO] - Starting from checkpoint: False
[2026-03-20 15:28:44,349][anemoi.training.diagnostics.mlflow.logger][INFO] - Maximum number of params allowed to be logged is: 2000
[2026-03-20 15:28:44,352][anemoi.training.diagnostics.mlflow.logger][INFO] - MLflow is logging offline.
[2026-03-20 15:28:48,201][anemoi.training.diagnostics.mlflow.logger][INFO] - Terminal Log Path: mlocean_outputs/plots/4739b0241e4f4d24aef297a200feda2a/plots/terminal_log.txt
[2026-03-20 15:28:48,202][anemoi.training.diagnostics.mlflow.logger][INFO] - SLURM job id: 31402197
[2026-03-20 15:28:48,203][anemoi.training.train.train][INFO] - Mlflow Run id: 4739b0241e4f4d24aef297a200feda2a
[2026-03-20 15:28:48,203][anemoi.training.train.train][INFO] - Run id: 4739b0241e4f4d24aef297a200feda2a
[2026-03-20 15:28:48,203][anemoi.training.train.train][INFO] - Parent run server2server: None
[2026-03-20 15:28:48,203][anemoi.training.train.train][INFO] - Fork run server2server: None
[2026-03-20 15:28:48,203][anemoi.training.train.train][INFO] - Checkpoints path: root=PosixPath('mlocean_outputs/checkpoint/4739b0241e4f4d24aef297a200feda2a') every_n_epochs='anemoi-by_epoch-epoch_{epoch:03d}-step_{step:06d}' every_n_train_steps='anemoi-by_step-epoch_{epoch:03d}-step_{step:06d}' every_n_minutes='anemoi-by_time-epoch_{epoch:03d}-step_{step:06d}'
[2026-03-20 15:28:48,204][anemoi.training.train.train][INFO] - Plots path: mlocean_outputs/plots/4739b0241e4f4d24aef297a200feda2a
[2026-03-20 15:28:48,204][anemoi.training.train.train][INFO] - Dry run: False
[2026-03-20 15:28:48,537][anemoi.training.train.train][INFO] - Creating graph for dataset 'data'
[2026-03-20 15:28:54,428][anemoi.graphs.nodes.builders.from_file][INFO] - Reading the dataset from [{'dataset': '../ToySSTDataset.zarr', 'start': 2020, 'end': 2024, 'frequency': '24h', 'select': ['2t', 'sst', 'cos_julian_day', 'sin_julian_day', 'cos_local_time', 'sin_local_time', 'cos_longitude', 'sin_longitude', 'cos_latitude', 'sin_latitude', 'insolation']}].
[2026-03-20 15:28:55,015][anemoi.graphs.edges.builders.cutoff][INFO] - Using CutOff-Edges (with radius = 605.7 km [factor=0.60]) between data and hidden.
[2026-03-20 15:28:55,024][anemoi.graphs.edges.builders.base][WARNING] - The 'torch-cluster' library is not installed.
Installing 'torch-cluster' can significantly improve performance for graph creation.
You can install it using:
    TORCH_VERSION=$(python -c "import torch; print(torch.__version__)")
    pip install torch-cluster -f https://data.pyg.org/whl/torch-${TORCH_VERSION}.html

[2026-03-20 15:28:55,043][anemoi.graphs.edges.builders.cutoff][INFO] - CutOffEdges is removing 34 because they exceed the maximum allowed number of neighbors (64) for each target node.
[2026-03-20 15:28:55,297][anemoi.graphs.edges.builders.knn][INFO] - Using KNN-Edges (with 3 nearest neighbours) between hidden and data.
[2026-03-20 15:28:55,298][anemoi.graphs.edges.builders.base][WARNING] - The 'torch-cluster' library is not installed.
Installing 'torch-cluster' can significantly improve performance for graph creation.
You can install it using:
    TORCH_VERSION=$(python -c "import torch; print(torch.__version__)")
    pip install torch-cluster -f https://data.pyg.org/whl/torch-${TORCH_VERSION}.html

[2026-03-20 15:28:55,328][anemoi.graphs.create][INFO] - Cleaning graph.
[2026-03-20 15:28:55,328][anemoi.graphs.create][INFO] - _grid_reference_distance deleted from graph.
[2026-03-20 15:28:55,328][anemoi.graphs.create][INFO] - _dataset deleted from graph.
[2026-03-20 15:28:55,328][anemoi.graphs.create][INFO] - _grid_reference_distance deleted from graph.
[2026-03-20 15:28:55,328][anemoi.graphs.create][INFO] - _resolutions deleted from graph.
[2026-03-20 15:28:55,328][anemoi.graphs.create][INFO] - _nx_graph deleted from graph.
[2026-03-20 15:28:55,328][anemoi.graphs.create][INFO] - _node_ordering deleted from graph.
[2026-03-20 15:28:55,338][anemoi.graphs.create][INFO] - Graph saved at graph_n48_data.pt.
[2026-03-20 15:28:55,338][anemoi.training.data.datamodule][INFO] - Initializing multi-dataset module with datasets: ['data']
[2026-03-20 15:28:55,339][anemoi.training.data.datamodule][WARNING] - Falling back rollout to: 1
[2026-03-20 15:28:55,340][anemoi.training.data.dataset][INFO] - Creating NativeGridDataset...
[2026-03-20 15:28:55,364][anemoi.training.data.multidataset][INFO] - Timeincrement set to 1 for data with frequency, 86400, and timestep, 86400
[2026-03-20 15:28:55,364][anemoi.training.data.multidataset][INFO] - MultiDataset initialized with 1 datasets (data), 1094 valid indices each
[2026-03-20 15:28:55,364][anemoi.training.train.train][INFO] - Dataset 'data' - Number of variables: 11
[2026-03-20 15:28:55,364][anemoi.training.train.train][INFO] - Dataset 'data' - Variables: ['2t', 'sst', 'cos_julian_day', 'sin_julian_day', 'cos_local_time', 'sin_local_time', 'cos_longitude', 'sin_longitude', 'cos_latitude', 'sin_latitude', 'insolation']
[2026-03-20 15:28:55,365][anemoi.training.train.train][INFO] - Dataset 'data' - Total number of prognostic variables: 1
[2026-03-20 15:28:55,365][anemoi.training.train.train][INFO] - Dataset 'data' - Total number of auxiliary variables: 10
[2026-03-20 15:28:55,365][anemoi.training.train.train][INFO] - Total GPU count / model group size: 1 - NB: the learning rate will be scaled by this factor!
[2026-03-20 15:28:55,365][anemoi.training.train.train][INFO] - Effective learning rate: 5.000e-04
[2026-03-20 15:28:55,366][anemoi.training.train.train][INFO] - Training limits: max_epochs=2, max_steps=2500. Training will stop when either limit is reached first. Learning rate scheduler will run for 2500 steps.
[2026-03-20 15:29:17,534][anemoi.training.diagnostics.callbacks.plot][INFO] - Using defined accumulation colormap for fields: None
[2026-03-20 15:29:17,535][anemoi.training.diagnostics.callbacks][INFO] - Using progress bar: <class 'pytorch_lightning.callbacks.progress.tqdm_progress.TQDMProgressBar'>
[2026-03-20 15:29:17,908][anemoi.models.migrations.migrator][INFO] - Loading migration 1755530253_initial
[2026-03-20 15:29:17,908][anemoi.models.migrations.migrator][INFO] - Loading migration 1762857427_deprecate_eda
[2026-03-20 15:29:17,908][anemoi.models.migrations.migrator][INFO] - Loading migration 1762857428_chunking_fix
[2026-03-20 15:29:17,908][anemoi.models.migrations.migrator][INFO] - Loading migration 1763479917_hardware_schema_update
[2026-03-20 15:29:17,908][anemoi.models.migrations.migrator][INFO] - Loading migration 1763479918_refactor_mapper
[2026-03-20 15:29:17,908][anemoi.models.migrations.migrator][INFO] - Loading migration 1767108147_move_to_multiple_datasets
[2026-03-20 15:29:18,101][anemoi.training.train.train][INFO] - MLFlow logger enabled
[2026-03-20 15:29:18,103][pytorch_lightning.utilities.rank_zero][INFO] - Using 16bit Automatic Mixed Precision (AMP)
[2026-03-20 15:29:18,154][pytorch_lightning.utilities.rank_zero][INFO] - GPU available: True (cuda), used: True
[2026-03-20 15:29:18,154][pytorch_lightning.utilities.rank_zero][INFO] - TPU available: False, using: 0 TPU cores
[2026-03-20 15:29:18,154][pytorch_lightning.utilities.rank_zero][INFO] - 💡 Tip: For seamless cloud logging and experiment tracking, try installing [litlogger](https://pypi.org/project/litlogger/) to enable LitLogger, which logs metrics and artifacts automatically to the Lightning Experiments platform.
[2026-03-20 15:29:18,463][lightning_fabric.utilities.seed][INFO] - Seed set to 31402197
[2026-03-20 15:29:18,770][anemoi.training.train.train][INFO] - Initial seed: Rank 0, initial seed 31402197, running with random seed: 31402197
[2026-03-20 15:29:50,111][anemoi.training.data.datamodule][WARNING] - Falling back rollout to: 1
[2026-03-20 15:29:50,452][anemoi.models.preprocessing.normalizer][INFO] - Normalizing: cos_julian_day is not normalized.
[2026-03-20 15:29:50,452][anemoi.models.preprocessing.normalizer][INFO] - Normalizing: sin_julian_day is not normalized.
[2026-03-20 15:29:50,452][anemoi.models.preprocessing.normalizer][INFO] - Normalizing: cos_local_time is not normalized.
[2026-03-20 15:29:50,452][anemoi.models.preprocessing.normalizer][INFO] - Normalizing: sin_local_time is not normalized.
[2026-03-20 15:29:50,452][anemoi.models.preprocessing.normalizer][INFO] - Normalizing: cos_longitude is not normalized.
[2026-03-20 15:29:50,452][anemoi.models.preprocessing.normalizer][INFO] - Normalizing: sin_longitude is not normalized.
[2026-03-20 15:29:50,452][anemoi.models.preprocessing.normalizer][INFO] - Normalizing: cos_latitude is not normalized.
[2026-03-20 15:29:50,452][anemoi.models.preprocessing.normalizer][INFO] - Normalizing: sin_latitude is not normalized.
[2026-03-20 15:29:50,452][anemoi.models.preprocessing.normalizer][INFO] - Normalizing: insolation is not normalized.
[2026-03-20 15:29:50,547][anemoi.models.preprocessing.imputer][INFO] - Imputer: replacing NaNs in sst with value 0
[2026-03-20 15:29:51,716][anemoi.models.layers.utils][INFO] - Linear kernel: torch.nn.Linear.
[2026-03-20 15:29:51,716][anemoi.models.layers.utils][INFO] - LayerNorm kernel: torch.nn.LayerNorm.
[2026-03-20 15:29:51,717][anemoi.models.layers.utils][INFO] - Activation kernel: torch.nn.GELU.
[2026-03-20 15:29:51,751][anemoi.models.layers.utils][INFO] - QueryNorm kernel: anemoi.models.layers.normalization.AutocastLayerNorm.
[2026-03-20 15:29:51,752][anemoi.models.layers.utils][INFO] - KeyNorm kernel: anemoi.models.layers.normalization.AutocastLayerNorm.
[2026-03-20 15:29:51,793][anemoi.models.layers.block][INFO] - GraphTransformerMapperBlock using triton graph attention backend.
[2026-03-20 15:29:51,841][anemoi.models.layers.utils][INFO] - Linear kernel: torch.nn.Linear.
[2026-03-20 15:29:51,842][anemoi.models.layers.utils][INFO] - LayerNorm kernel: torch.nn.LayerNorm.
[2026-03-20 15:29:51,843][anemoi.models.layers.utils][INFO] - Activation kernel: torch.nn.GELU.
[2026-03-20 15:29:51,843][anemoi.models.layers.utils][INFO] - QueryNorm kernel: anemoi.models.layers.normalization.AutocastLayerNorm.
[2026-03-20 15:29:51,844][anemoi.models.layers.utils][INFO] - KeyNorm kernel: anemoi.models.layers.normalization.AutocastLayerNorm.
[2026-03-20 15:29:51,846][anemoi.models.layers.block][INFO] - GraphTransformerProcessorBlock using triton graph attention backend.
[2026-03-20 15:29:51,847][anemoi.models.layers.block][INFO] - GraphTransformerProcessorBlock using triton graph attention backend.
[2026-03-20 15:29:51,849][anemoi.models.layers.block][INFO] - GraphTransformerProcessorBlock using triton graph attention backend.
[2026-03-20 15:29:51,851][anemoi.models.layers.block][INFO] - GraphTransformerProcessorBlock using triton graph attention backend.
[2026-03-20 15:29:51,853][anemoi.models.layers.block][INFO] - GraphTransformerProcessorBlock using triton graph attention backend.
[2026-03-20 15:29:51,855][anemoi.models.layers.block][INFO] - GraphTransformerProcessorBlock using triton graph attention backend.
[2026-03-20 15:29:51,856][anemoi.models.layers.block][INFO] - GraphTransformerProcessorBlock using triton graph attention backend.
[2026-03-20 15:29:51,858][anemoi.models.layers.block][INFO] - GraphTransformerProcessorBlock using triton graph attention backend.
[2026-03-20 15:29:51,860][anemoi.models.layers.block][INFO] - GraphTransformerProcessorBlock using triton graph attention backend.
[2026-03-20 15:29:51,862][anemoi.models.layers.block][INFO] - GraphTransformerProcessorBlock using triton graph attention backend.
[2026-03-20 15:29:51,863][anemoi.models.layers.block][INFO] - GraphTransformerProcessorBlock using triton graph attention backend.
[2026-03-20 15:29:51,865][anemoi.models.layers.block][INFO] - GraphTransformerProcessorBlock using triton graph attention backend.
[2026-03-20 15:29:51,866][anemoi.models.layers.block][INFO] - GraphTransformerProcessorBlock using triton graph attention backend.
[2026-03-20 15:29:51,869][anemoi.models.layers.block][INFO] - GraphTransformerProcessorBlock using triton graph attention backend.
[2026-03-20 15:29:51,871][anemoi.models.layers.block][INFO] - GraphTransformerProcessorBlock using triton graph attention backend.
[2026-03-20 15:29:51,873][anemoi.models.layers.block][INFO] - GraphTransformerProcessorBlock using triton graph attention backend.
[2026-03-20 15:29:51,880][anemoi.models.layers.utils][INFO] - Linear kernel: torch.nn.Linear.
[2026-03-20 15:29:51,881][anemoi.models.layers.utils][INFO] - LayerNorm kernel: torch.nn.LayerNorm.
[2026-03-20 15:29:51,882][anemoi.models.layers.utils][INFO] - Activation kernel: torch.nn.GELU.
[2026-03-20 15:29:51,882][anemoi.models.layers.utils][INFO] - QueryNorm kernel: anemoi.models.layers.normalization.AutocastLayerNorm.
[2026-03-20 15:29:51,883][anemoi.models.layers.utils][INFO] - KeyNorm kernel: anemoi.models.layers.normalization.AutocastLayerNorm.
[2026-03-20 15:29:51,885][anemoi.models.layers.block][INFO] - GraphTransformerMapperBlock using triton graph attention backend.
[2026-03-20 15:29:52,087][anemoi.training.losses.scalers.variable_level][INFO] - Variable Level Scaling: Applying ReluVariableLevelScaler scaling to pl variables ({'param': ['q', 't', 'u', 'v', 'w', 'z']})
[2026-03-20 15:29:52,087][anemoi.training.losses.scalers.variable_level][INFO] - with slope = 0.001 and y-intercept/minimum = 0.2.
[2026-03-20 15:29:52,427][anemoi.training.train.train][INFO] - The following submodules will NOT be trained: []
[2026-03-20 15:29:52,470][anemoi.models.utils.compile][INFO] - The following modules will be compiled: []
[2026-03-20 15:29:52,470][anemoi.training.train.train][INFO] - Recompile limit set to 32
[2026-03-20 15:29:52,713][lightning_fabric.utilities.distributed][INFO] - Initializing distributed: GLOBAL_RANK: 0, MEMBER: 1/1
[2026-03-20 15:29:53,377][pytorch_lightning.utilities.rank_zero][INFO] - ----------------------------------------------------------------------------------------------------
distributed_backend=nccl
All distributed processes registered. Starting with 1 processes
----------------------------------------------------------------------------------------------------

[2026-03-20 15:29:53,672][anemoi.training.diagnostics.mlflow.logger][INFO] - Logging 3 parameters
[2026-03-20 15:29:53,788][pytorch_lightning.accelerators.cuda][INFO] - LOCAL_RANK: 0 - CUDA_VISIBLE_DEVICES: [0]
[2026-03-20 15:29:54,213][lightning_fabric.utilities.seed][INFO] - [rank: 0] Seed set to 31402197
[2026-03-20 15:29:54,406][anemoi.training.diagnostics.mlflow.logger][INFO] - Logging 515 parameters
[2026-03-20 15:29:55,151][anemoi.training.data.datamodule][WARNING] - Falling back rollout to: 1
[2026-03-20 15:29:55,151][anemoi.training.data.dataset][INFO] - Creating NativeGridDataset...
[2026-03-20 15:29:55,179][anemoi.training.data.multidataset][INFO] - Timeincrement set to 1 for data with frequency, 86400, and timestep, 86400
[2026-03-20 15:29:55,179][anemoi.training.data.multidataset][INFO] - MultiDataset initialized with 1 datasets (data), 363 valid indices each
[2026-03-20 15:29:55,180][anemoi.training.data.multidataset][INFO] - NativeGridDataset.set_group_info(): global_rank 0, model_comm_group_id 0, model_comm_group_rank 0, model_comm_num_groups 1, reader_group_rank 0, sample_comm_group_id 0, sample_comm_num_groups 1
[2026-03-20 15:29:55,214][anemoi.models.data_indices.collection][INFO] - The order of the variables in the model matches the order in the data.
[2026-03-20 15:29:55,421][anemoi.training.data.multidataset][INFO] - Worker 0 (pid 1567360, global_rank 0, model comm group 0)  has low/high range 0 / 363
[2026-03-20 15:29:55,451][anemoi.training.data.multidataset][INFO] - Worker 0 (validation, pid 1567360, base_seed 31402197, sanity rnd 0.509184)
[2026-03-20 15:30:04,567][anemoi.training.data.multidataset][INFO] - NativeGridDataset.set_group_info(): global_rank 0, model_comm_group_id 0, model_comm_group_rank 0, model_comm_num_groups 1, reader_group_rank 0, sample_comm_group_id 0, sample_comm_num_groups 1
[2026-03-20 15:30:04,608][anemoi.models.data_indices.collection][INFO] - The order of the variables in the model matches the order in the data.
[2026-03-20 15:30:04,664][anemoi.training.data.multidataset][INFO] - Worker 0 (pid 1567733, global_rank 0, model comm group 0)  has low/high range 0 / 1094
[2026-03-20 15:30:04,668][anemoi.training.data.multidataset][INFO] - Worker 0 (training, pid 1567733, base_seed 31402197, sanity rnd 0.509184)
[2026-03-20 15:30:16,232][anemoi.models.data_indices.collection][INFO] - The order of the variables in the model matches the order in the data.
[2026-03-20 15:30:18,407][anemoi.utils.checkpoints][INFO] - Adding extra information to checkpoint /etc/ecmwf/nfs/dh1_home_a/ecm4259/ScriptsThings/OceanNotebookExamples/configs/mlocean_outputs/checkpoint/4739b0241e4f4d24aef297a200feda2a/inference-anemoi-by_epoch-epoch_000-step_000010.ckpt
[2026-03-20 15:30:18,408][anemoi.utils.checkpoints][INFO] - Saving metadata to inference-anemoi-by_epoch-epoch_000-step_000010/anemoi-metadata/anemoi.json
[2026-03-20 15:30:18,409][anemoi.utils.checkpoints][INFO] - Saving supporting array `latitudes` to inference-anemoi-by_epoch-epoch_000-step_000010/anemoi-metadata/data/latitudes.numpy (shape=(13280,), dtype=float64)
[2026-03-20 15:30:18,409][anemoi.utils.checkpoints][INFO] - Saving supporting array `longitudes` to inference-anemoi-by_epoch-epoch_000-step_000010/anemoi-metadata/data/longitudes.numpy (shape=(13280,), dtype=float64)
[2026-03-20 15:30:18,732][anemoi.utils.checkpoints][INFO] - Adding extra information to checkpoint /etc/ecmwf/nfs/dh1_home_a/ecm4259/ScriptsThings/OceanNotebookExamples/configs/mlocean_outputs/checkpoint/4739b0241e4f4d24aef297a200feda2a/anemoi-by_epoch-epoch_000-step_000010.ckpt
[2026-03-20 15:30:18,732][anemoi.utils.checkpoints][INFO] - Saving metadata to archive/anemoi-metadata/anemoi.json
[2026-03-20 15:30:18,733][anemoi.utils.checkpoints][INFO] - Saving supporting array `latitudes` to archive/anemoi-metadata/data/latitudes.numpy (shape=(13280,), dtype=float64)
[2026-03-20 15:30:18,733][anemoi.utils.checkpoints][INFO] - Saving supporting array `longitudes` to archive/anemoi-metadata/data/longitudes.numpy (shape=(13280,), dtype=float64)
[2026-03-20 15:30:18,831][anemoi.utils.checkpoints][INFO] - Adding extra information to checkpoint /etc/ecmwf/nfs/dh1_home_a/ecm4259/ScriptsThings/OceanNotebookExamples/configs/mlocean_outputs/checkpoint/4739b0241e4f4d24aef297a200feda2a/inference-last.ckpt
[2026-03-20 15:30:18,831][anemoi.utils.checkpoints][INFO] - Saving metadata to inference-last/anemoi-metadata/anemoi.json
[2026-03-20 15:30:18,832][anemoi.utils.checkpoints][INFO] - Saving supporting array `latitudes` to inference-last/anemoi-metadata/data/latitudes.numpy (shape=(13280,), dtype=float64)
[2026-03-20 15:30:18,832][anemoi.utils.checkpoints][INFO] - Saving supporting array `longitudes` to inference-last/anemoi-metadata/data/longitudes.numpy (shape=(13280,), dtype=float64)
[2026-03-20 15:30:19,130][anemoi.utils.checkpoints][INFO] - Adding extra information to checkpoint /etc/ecmwf/nfs/dh1_home_a/ecm4259/ScriptsThings/OceanNotebookExamples/configs/mlocean_outputs/checkpoint/4739b0241e4f4d24aef297a200feda2a/last.ckpt
[2026-03-20 15:30:19,130][anemoi.utils.checkpoints][INFO] - Saving metadata to archive/anemoi-metadata/anemoi.json
[2026-03-20 15:30:19,131][anemoi.utils.checkpoints][INFO] - Saving supporting array `latitudes` to archive/anemoi-metadata/data/latitudes.numpy (shape=(13280,), dtype=float64)
[2026-03-20 15:30:19,131][anemoi.utils.checkpoints][INFO] - Saving supporting array `longitudes` to archive/anemoi-metadata/data/longitudes.numpy (shape=(13280,), dtype=float64)
[2026-03-20 15:30:21,337][anemoi.models.data_indices.collection][INFO] - The order of the variables in the model matches the order in the data.
[2026-03-20 15:30:23,289][anemoi.utils.checkpoints][INFO] - Adding extra information to checkpoint /etc/ecmwf/nfs/dh1_home_a/ecm4259/ScriptsThings/OceanNotebookExamples/configs/mlocean_outputs/checkpoint/4739b0241e4f4d24aef297a200feda2a/inference-anemoi-by_epoch-epoch_001-step_000020.ckpt
[2026-03-20 15:30:23,289][anemoi.utils.checkpoints][INFO] - Saving metadata to inference-anemoi-by_epoch-epoch_001-step_000020/anemoi-metadata/anemoi.json
[2026-03-20 15:30:23,290][anemoi.utils.checkpoints][INFO] - Saving supporting array `latitudes` to inference-anemoi-by_epoch-epoch_001-step_000020/anemoi-metadata/data/latitudes.numpy (shape=(13280,), dtype=float64)
[2026-03-20 15:30:23,290][anemoi.utils.checkpoints][INFO] - Saving supporting array `longitudes` to inference-anemoi-by_epoch-epoch_001-step_000020/anemoi-metadata/data/longitudes.numpy (shape=(13280,), dtype=float64)
[2026-03-20 15:30:23,565][anemoi.utils.checkpoints][INFO] - Adding extra information to checkpoint /etc/ecmwf/nfs/dh1_home_a/ecm4259/ScriptsThings/OceanNotebookExamples/configs/mlocean_outputs/checkpoint/4739b0241e4f4d24aef297a200feda2a/anemoi-by_epoch-epoch_001-step_000020.ckpt
[2026-03-20 15:30:23,566][anemoi.utils.checkpoints][INFO] - Saving metadata to archive/anemoi-metadata/anemoi.json
[2026-03-20 15:30:23,567][anemoi.utils.checkpoints][INFO] - Saving supporting array `latitudes` to archive/anemoi-metadata/data/latitudes.numpy (shape=(13280,), dtype=float64)
[2026-03-20 15:30:23,567][anemoi.utils.checkpoints][INFO] - Saving supporting array `longitudes` to archive/anemoi-metadata/data/longitudes.numpy (shape=(13280,), dtype=float64)
[2026-03-20 15:30:23,660][anemoi.utils.checkpoints][INFO] - Adding extra information to checkpoint /etc/ecmwf/nfs/dh1_home_a/ecm4259/ScriptsThings/OceanNotebookExamples/configs/mlocean_outputs/checkpoint/4739b0241e4f4d24aef297a200feda2a/inference-last.ckpt
[2026-03-20 15:30:23,661][anemoi.utils.checkpoints][INFO] - Saving metadata to inference-last/anemoi-metadata/anemoi.json
[2026-03-20 15:30:23,661][anemoi.utils.checkpoints][INFO] - Saving supporting array `latitudes` to inference-last/anemoi-metadata/data/latitudes.numpy (shape=(13280,), dtype=float64)
[2026-03-20 15:30:23,662][anemoi.utils.checkpoints][INFO] - Saving supporting array `longitudes` to inference-last/anemoi-metadata/data/longitudes.numpy (shape=(13280,), dtype=float64)
[2026-03-20 15:30:23,924][anemoi.utils.checkpoints][INFO] - Adding extra information to checkpoint /etc/ecmwf/nfs/dh1_home_a/ecm4259/ScriptsThings/OceanNotebookExamples/configs/mlocean_outputs/checkpoint/4739b0241e4f4d24aef297a200feda2a/last.ckpt
[2026-03-20 15:30:23,924][anemoi.utils.checkpoints][INFO] - Saving metadata to archive/anemoi-metadata/anemoi.json
[2026-03-20 15:30:23,925][anemoi.utils.checkpoints][INFO] - Saving supporting array `latitudes` to archive/anemoi-metadata/data/latitudes.numpy (shape=(13280,), dtype=float64)
[2026-03-20 15:30:23,925][anemoi.utils.checkpoints][INFO] - Saving supporting array `longitudes` to archive/anemoi-metadata/data/longitudes.numpy (shape=(13280,), dtype=float64)
[2026-03-20 15:30:23,935][pytorch_lightning.utilities.rank_zero][INFO] - `Trainer.fit` stopped: `max_epochs=2` reached.
[2026-03-20 15:30:24,272][anemoi.utils.checkpoints][INFO] - Adding extra information to checkpoint /etc/ecmwf/nfs/dh1_home_a/ecm4259/ScriptsThings/OceanNotebookExamples/configs/mlocean_outputs/checkpoint/4739b0241e4f4d24aef297a200feda2a/inference-anemoi-by_time-epoch_001-step_000020.ckpt
[2026-03-20 15:30:24,272][anemoi.utils.checkpoints][INFO] - Saving metadata to inference-anemoi-by_time-epoch_001-step_000020/anemoi-metadata/anemoi.json
[2026-03-20 15:30:24,273][anemoi.utils.checkpoints][INFO] - Saving supporting array `latitudes` to inference-anemoi-by_time-epoch_001-step_000020/anemoi-metadata/data/latitudes.numpy (shape=(13280,), dtype=float64)
[2026-03-20 15:30:24,273][anemoi.utils.checkpoints][INFO] - Saving supporting array `longitudes` to inference-anemoi-by_time-epoch_001-step_000020/anemoi-metadata/data/longitudes.numpy (shape=(13280,), dtype=float64)
[2026-03-20 15:30:24,552][anemoi.utils.checkpoints][INFO] - Adding extra information to checkpoint /etc/ecmwf/nfs/dh1_home_a/ecm4259/ScriptsThings/OceanNotebookExamples/configs/mlocean_outputs/checkpoint/4739b0241e4f4d24aef297a200feda2a/anemoi-by_time-epoch_001-step_000020.ckpt
[2026-03-20 15:30:24,552][anemoi.utils.checkpoints][INFO] - Saving metadata to archive/anemoi-metadata/anemoi.json
[2026-03-20 15:30:24,553][anemoi.utils.checkpoints][INFO] - Saving supporting array `latitudes` to archive/anemoi-metadata/data/latitudes.numpy (shape=(13280,), dtype=float64)
[2026-03-20 15:30:24,553][anemoi.utils.checkpoints][INFO] - Saving supporting array `longitudes` to archive/anemoi-metadata/data/longitudes.numpy (shape=(13280,), dtype=float64)
[2026-03-20 15:30:24,652][anemoi.utils.checkpoints][INFO] - Adding extra information to checkpoint /etc/ecmwf/nfs/dh1_home_a/ecm4259/ScriptsThings/OceanNotebookExamples/configs/mlocean_outputs/checkpoint/4739b0241e4f4d24aef297a200feda2a/inference-last.ckpt
[2026-03-20 15:30:24,652][anemoi.utils.checkpoints][INFO] - Saving metadata to inference-last/anemoi-metadata/anemoi.json
[2026-03-20 15:30:24,653][anemoi.utils.checkpoints][INFO] - Saving supporting array `latitudes` to inference-last/anemoi-metadata/data/latitudes.numpy (shape=(13280,), dtype=float64)
[2026-03-20 15:30:24,653][anemoi.utils.checkpoints][INFO] - Saving supporting array `longitudes` to inference-last/anemoi-metadata/data/longitudes.numpy (shape=(13280,), dtype=float64)
[2026-03-20 15:30:24,937][anemoi.utils.checkpoints][INFO] - Adding extra information to checkpoint /etc/ecmwf/nfs/dh1_home_a/ecm4259/ScriptsThings/OceanNotebookExamples/configs/mlocean_outputs/checkpoint/4739b0241e4f4d24aef297a200feda2a/last.ckpt
[2026-03-20 15:30:24,937][anemoi.utils.checkpoints][INFO] - Saving metadata to archive/anemoi-metadata/anemoi.json
[2026-03-20 15:30:24,938][anemoi.utils.checkpoints][INFO] - Saving supporting array `latitudes` to archive/anemoi-metadata/data/latitudes.numpy (shape=(13280,), dtype=float64)
[2026-03-20 15:30:24,938][anemoi.utils.checkpoints][INFO] - Saving supporting array `longitudes` to archive/anemoi-metadata/data/longitudes.numpy (shape=(13280,), dtype=float64)
[2026-03-20 15:30:25,085][anemoi.training.diagnostics.callbacks.plot][INFO] - Teardown of the Plot Callback ...
[2026-03-20 15:30:25,085][anemoi.training.diagnostics.callbacks.plot][INFO] - Teardown of the Plot Callback ...
[2026-03-20 15:30:25,085][anemoi.training.diagnostics.mlflow.logger][INFO] - Stopping terminal log monitoring and saving buffered terminal outputs. Final status: SUCCESS
